<?xml version="1.0" encoding="UTF-8"?>
<!-- Generated by org.testng.reporters.JUnitXMLReporter -->
<testsuite hostname="Vinod" ignored="2" name="Test" tests="2" failures="0" timestamp="26 Aug 2018 09:56:51 GMT" time="0.168" errors="0">
  <testcase name="test" time="0.031" classname="testgroup.TestGroup"/>
  <testcase name="test2" time="0.0" classname="testgroup.TestGroup"/>
  <testcase name="test3" time="0.0" classname="testgroup.TestGroup">
    <ignored/>
  </testcase> <!-- test3 -->
  <testcase name="test4" time="0.0" classname="testgroup.TestGroup">
    <ignored/>
  </testcase> <!-- test4 -->
</testsuite> <!-- Test -->
