<?xml version="1.0" encoding="UTF-8"?>
<testng-results skipped="0" failed="0" ignored="0" total="1" passed="1">
  <reporter-output>
  </reporter-output>
  <suite name="Default suite" duration-ms="10833" started-at="2018-08-26T10:10:54Z" finished-at="2018-08-26T10:11:05Z">
    <groups>
    </groups>
    <test name="Default test" duration-ms="10833" started-at="2018-08-26T10:10:54Z" finished-at="2018-08-26T10:11:05Z">
      <class name="testgroup.JStypeJSclick">
        <test-method status="PASS" signature="testGoogle()[pri:0, instance:testgroup.JStypeJSclick@3884b2]" name="testGoogle" duration-ms="10724" started-at="2018-08-26T10:10:54Z" finished-at="2018-08-26T10:11:05Z">
          <reporter-output>
          </reporter-output>
        </test-method> <!-- testGoogle -->
      </class> <!-- testgroup.JStypeJSclick -->
    </test> <!-- Default test -->
  </suite> <!-- Default suite -->
</testng-results>
